c:\users\rglarsen\documents\simulations\fiberarraycomparisonsimulation\simulationcode\build_win\sim.dir\release\stepping.obj
c:\users\rglarsen\documents\simulations\fiberarraycomparisonsimulation\simulationcode\build_win\sim.dir\release\stackingaction.obj
c:\users\rglarsen\documents\simulations\fiberarraycomparisonsimulation\simulationcode\build_win\sim.dir\release\run.obj
c:\users\rglarsen\documents\simulations\fiberarraycomparisonsimulation\simulationcode\build_win\sim.dir\release\physics.obj
c:\users\rglarsen\documents\simulations\fiberarraycomparisonsimulation\simulationcode\build_win\sim.dir\release\generator.obj
c:\users\rglarsen\documents\simulations\fiberarraycomparisonsimulation\simulationcode\build_win\sim.dir\release\event.obj
c:\users\rglarsen\documents\simulations\fiberarraycomparisonsimulation\simulationcode\build_win\sim.dir\release\detector.obj
c:\users\rglarsen\documents\simulations\fiberarraycomparisonsimulation\simulationcode\build_win\sim.dir\release\construction.obj
c:\users\rglarsen\documents\simulations\fiberarraycomparisonsimulation\simulationcode\build_win\sim.dir\release\action.obj
c:\users\rglarsen\documents\simulations\fiberarraycomparisonsimulation\simulationcode\build_win\sim.dir\release\sim.obj
c:\users\rglarsen\documents\simulations\fiberarraycomparisonsimulation\simulationcode\build_win\cmakefiles\generate.stamp
c:\users\rglarsen\documents\simulations\fiberarraycomparisonsimulation\simulationcode\build_win\release\sim.exe
c:\users\rglarsen\documents\simulations\fiberarraycomparisonsimulation\simulationcode\build_win\sim.dir\release\sim.tlog\cl.command.1.tlog
c:\users\rglarsen\documents\simulations\fiberarraycomparisonsimulation\simulationcode\build_win\sim.dir\release\sim.tlog\cl.items.tlog
c:\users\rglarsen\documents\simulations\fiberarraycomparisonsimulation\simulationcode\build_win\sim.dir\release\sim.tlog\cl.read.1.tlog
c:\users\rglarsen\documents\simulations\fiberarraycomparisonsimulation\simulationcode\build_win\sim.dir\release\sim.tlog\cl.write.1.tlog
c:\users\rglarsen\documents\simulations\fiberarraycomparisonsimulation\simulationcode\build_win\sim.dir\release\sim.tlog\custombuild.command.1.tlog
c:\users\rglarsen\documents\simulations\fiberarraycomparisonsimulation\simulationcode\build_win\sim.dir\release\sim.tlog\custombuild.read.1.tlog
c:\users\rglarsen\documents\simulations\fiberarraycomparisonsimulation\simulationcode\build_win\sim.dir\release\sim.tlog\custombuild.write.1.tlog
c:\users\rglarsen\documents\simulations\fiberarraycomparisonsimulation\simulationcode\build_win\sim.dir\release\sim.tlog\link.command.1.tlog
c:\users\rglarsen\documents\simulations\fiberarraycomparisonsimulation\simulationcode\build_win\sim.dir\release\sim.tlog\link.read.1.tlog
c:\users\rglarsen\documents\simulations\fiberarraycomparisonsimulation\simulationcode\build_win\sim.dir\release\sim.tlog\link.write.1.tlog
